[debug] [2020-09-28T04:09:31.037Z] ----------------------------------------------------------------------
[debug] [2020-09-28T04:09:31.041Z] Command:       C:\Program Files\nodejs\node.exe C:\Users\Heli\AppData\Roaming\npm\node_modules\firebase-tools\lib\bin\firebase.js emulators:start
[debug] [2020-09-28T04:09:31.041Z] CLI Version:   8.10.0
[debug] [2020-09-28T04:09:31.041Z] Platform:      win32
[debug] [2020-09-28T04:09:31.041Z] Node Version:  v12.16.2
[debug] [2020-09-28T04:09:31.042Z] Time:          Mon Sep 28 2020 09:39:31 GMT+0530 (India Standard Time)
[debug] [2020-09-28T04:09:31.043Z] ----------------------------------------------------------------------
[debug] [2020-09-28T04:09:31.043Z] 
[debug] [2020-09-28T04:09:31.064Z] > command requires scopes: ["email","openid","https://www.googleapis.com/auth/cloudplatformprojects.readonly","https://www.googleapis.com/auth/firebase","https://www.googleapis.com/auth/cloud-platform"]
[debug] [2020-09-28T04:09:31.065Z] > authorizing via signed-in user
[info] i  emulators: Starting emulators: functions {"metadata":{"emulator":{"name":"hub"},"message":"Starting emulators: functions"}}
[warn] !  emulators: It seems that you are running multiple instances of the emulator suite for project clone-1adb1. This may result in unexpected behavior. 
[debug] [2020-09-28T04:09:33.123Z] [hub] writing locator at C:\Users\Heli\AppData\Local\Temp\hub-clone-1adb1.json
[warn] !  functions: The following emulators are not running, calls to these services from the Functions emulator will affect production: firestore, database, hosting, pubsub {"metadata":{"emulator":{"name":"functions"},"message":"The following emulators are not running, calls to these services from the Functions emulator will affect production: \u001b[1mfirestore, database, hosting, pubsub\u001b[22m"}}
[warn] !  Your requested "node" version "10" doesn't match your global version "12" {"metadata":{"emulator":{"name":"functions"},"message":"Your requested \"node\" version \"10\" doesn't match your global version \"12\""}}
[debug] [2020-09-28T04:09:35.220Z] defaultcredentials: writing to file C:\Users\Heli\AppData\Roaming\firebase\heli2000patel_gmail_com_application_default_credentials.json
[debug] [2020-09-28T04:09:35.224Z] Setting GAC to C:\Users\Heli\AppData\Roaming\firebase\heli2000patel_gmail_com_application_default_credentials.json {"metadata":{"emulator":{"name":"functions"},"message":"Setting GAC to C:\\Users\\Heli\\AppData\\Roaming\\firebase\\heli2000patel_gmail_com_application_default_credentials.json"}}
[debug] [2020-09-28T04:09:39.267Z] Ignoring unsupported arg: auto_download {"metadata":{"emulator":{"name":"ui"},"message":"Ignoring unsupported arg: auto_download"}}
[debug] [2020-09-28T04:09:39.267Z] Ignoring unsupported arg: port {"metadata":{"emulator":{"name":"ui"},"message":"Ignoring unsupported arg: port"}}
[debug] [2020-09-28T04:09:39.268Z] Starting Emulator UI with command {"binary":"node","args":["C:\\Users\\Heli\\.cache\\firebase\\emulators\\ui-v1.1.1\\server.bundle.js"],"optionalArgs":[],"joinArgs":false} {"metadata":{"emulator":{"name":"ui"},"message":"Starting Emulator UI with command {\"binary\":\"node\",\"args\":[\"C:\\\\Users\\\\Heli\\\\.cache\\\\firebase\\\\emulators\\\\ui-v1.1.1\\\\server.bundle.js\"],\"optionalArgs\":[],\"joinArgs\":false}"}}
[info] i  ui: Emulator UI logging to ui-debug.log {"metadata":{"emulator":{"name":"ui"},"message":"Emulator UI logging to \u001b[1mui-debug.log\u001b[22m"}}
[debug] [2020-09-28T04:09:39.573Z] Web / API server started at http://localhost:4000
 {"metadata":{"emulator":{"name":"ui"},"message":"Web / API server started at http://localhost:4000\n"}}
[info] i  functions: Watching "F:\REACTJS Projects\amazon-clone\functions" for Cloud Functions... {"metadata":{"emulator":{"name":"functions"},"message":"Watching \"F:\\REACTJS Projects\\amazon-clone\\functions\" for Cloud Functions..."}}
[debug] [2020-09-28T04:09:39.824Z] [worker-pool] addWorker(~diagnostic~) {"metadata":{"emulator":{"name":"functions"},"message":"[worker-pool] addWorker(~diagnostic~)"}}
[debug] [2020-09-28T04:09:39.824Z] [worker-pool] Adding worker with key ~diagnostic~, total=1 {"metadata":{"emulator":{"name":"functions"},"message":"[worker-pool] Adding worker with key ~diagnostic~, total=1"}}
[debug] [2020-09-28T04:09:39.825Z] [worker-pool] submitWork(triggerId=) {"metadata":{"emulator":{"name":"functions"},"message":"[worker-pool] submitWork(triggerId=)"}}
[debug] [2020-09-28T04:09:39.826Z] [worker-~diagnostic~-5927fb5b-74a8-44ca-b521-607f22d2f00b]: Assigning socketPath: \\?\pipe\F:\REACTJS Projects\amazon-clone\functions\11480 {"metadata":{"emulator":{"name":"functions"},"message":"[worker-~diagnostic~-5927fb5b-74a8-44ca-b521-607f22d2f00b]: Assigning socketPath: \\\\?\\pipe\\F:\\REACTJS Projects\\amazon-clone\\functions\\11480"}}
[debug] [2020-09-28T04:09:39.828Z] [worker-~diagnostic~-5927fb5b-74a8-44ca-b521-607f22d2f00b]: BUSY {"metadata":{"emulator":{"name":"functions"},"message":"[worker-~diagnostic~-5927fb5b-74a8-44ca-b521-607f22d2f00b]: BUSY"}}
[debug] [2020-09-28T04:09:40.592Z] [runtime-status] [11480] Functions runtime initialized. {"cwd":"F:\\REACTJS Projects\\amazon-clone\\functions","node_version":"12.16.2"} {"metadata":{"emulator":{"name":"functions"},"message":"[runtime-status] [11480] Functions runtime initialized. {\"cwd\":\"F:\\\\REACTJS Projects\\\\amazon-clone\\\\functions\",\"node_version\":\"12.16.2\"}"}}
[debug] [2020-09-28T04:09:40.594Z] [runtime-status] [11480] Disabled runtime features: undefined {"metadata":{"emulator":{"name":"functions"},"message":"[runtime-status] [11480] Disabled runtime features: undefined"}}
[debug] [2020-09-28T04:09:40.603Z] [runtime-status] [11480] Resolved module firebase-admin {"declared":true,"installed":true,"version":"8.13.0","resolution":"F:\\REACTJS Projects\\amazon-clone\\functions\\node_modules\\firebase-admin\\lib\\index.js"} {"metadata":{"emulator":{"name":"functions"},"message":"[runtime-status] [11480] Resolved module firebase-admin {\"declared\":true,\"installed\":true,\"version\":\"8.13.0\",\"resolution\":\"F:\\\\REACTJS Projects\\\\amazon-clone\\\\functions\\\\node_modules\\\\firebase-admin\\\\lib\\\\index.js\"}"}}
[debug] [2020-09-28T04:09:40.605Z] [runtime-status] [11480] Resolved module firebase-functions {"declared":true,"installed":true,"version":"3.11.0","resolution":"F:\\REACTJS Projects\\amazon-clone\\functions\\node_modules\\firebase-functions\\lib\\index.js"} {"metadata":{"emulator":{"name":"functions"},"message":"[runtime-status] [11480] Resolved module firebase-functions {\"declared\":true,\"installed\":true,\"version\":\"3.11.0\",\"resolution\":\"F:\\\\REACTJS Projects\\\\amazon-clone\\\\functions\\\\node_modules\\\\firebase-functions\\\\lib\\\\index.js\"}"}}
[debug] [2020-09-28T04:09:40.607Z] [runtime-status] [11480] Resolved module firebase-functions {"declared":true,"installed":true,"version":"3.11.0","resolution":"F:\\REACTJS Projects\\amazon-clone\\functions\\node_modules\\firebase-functions\\lib\\index.js"} {"metadata":{"emulator":{"name":"functions"},"message":"[runtime-status] [11480] Resolved module firebase-functions {\"declared\":true,\"installed\":true,\"version\":\"3.11.0\",\"resolution\":\"F:\\\\REACTJS Projects\\\\amazon-clone\\\\functions\\\\node_modules\\\\firebase-functions\\\\lib\\\\index.js\"}"}}
[debug] [2020-09-28T04:09:40.611Z] [runtime-status] [11480] Outgoing network have been stubbed. [{"name":"http","status":"mocked"},{"name":"http","status":"mocked"},{"name":"https","status":"mocked"},{"name":"https","status":"mocked"},{"name":"net","status":"mocked"}] {"metadata":{"emulator":{"name":"functions"},"message":"[runtime-status] [11480] Outgoing network have been stubbed. [{\"name\":\"http\",\"status\":\"mocked\"},{\"name\":\"http\",\"status\":\"mocked\"},{\"name\":\"https\",\"status\":\"mocked\"},{\"name\":\"https\",\"status\":\"mocked\"},{\"name\":\"net\",\"status\":\"mocked\"}]"}}
[debug] [2020-09-28T04:09:40.612Z] [runtime-status] [11480] Resolved module firebase-functions {"declared":true,"installed":true,"version":"3.11.0","resolution":"F:\\REACTJS Projects\\amazon-clone\\functions\\node_modules\\firebase-functions\\lib\\index.js"} {"metadata":{"emulator":{"name":"functions"},"message":"[runtime-status] [11480] Resolved module firebase-functions {\"declared\":true,\"installed\":true,\"version\":\"3.11.0\",\"resolution\":\"F:\\\\REACTJS Projects\\\\amazon-clone\\\\functions\\\\node_modules\\\\firebase-functions\\\\lib\\\\index.js\"}"}}
[debug] [2020-09-28T04:09:41.780Z] [runtime-status] [11480] Checked functions.config() {"config":{}} {"metadata":{"emulator":{"name":"functions"},"message":"[runtime-status] [11480] Checked functions.config() {\"config\":{}}"}}
[debug] [2020-09-28T04:09:41.781Z] [runtime-status] [11480] firebase-functions has been stubbed. {"functionsResolution":{"declared":true,"installed":true,"version":"3.11.0","resolution":"F:\\REACTJS Projects\\amazon-clone\\functions\\node_modules\\firebase-functions\\lib\\index.js"}} {"metadata":{"emulator":{"name":"functions"},"message":"[runtime-status] [11480] firebase-functions has been stubbed. {\"functionsResolution\":{\"declared\":true,\"installed\":true,\"version\":\"3.11.0\",\"resolution\":\"F:\\\\REACTJS Projects\\\\amazon-clone\\\\functions\\\\node_modules\\\\firebase-functions\\\\lib\\\\index.js\"}}"}}
[debug] [2020-09-28T04:09:41.782Z] [runtime-status] [11480] Resolved module firebase-functions {"declared":true,"installed":true,"version":"3.11.0","resolution":"F:\\REACTJS Projects\\amazon-clone\\functions\\node_modules\\firebase-functions\\lib\\index.js"} {"metadata":{"emulator":{"name":"functions"},"message":"[runtime-status] [11480] Resolved module firebase-functions {\"declared\":true,\"installed\":true,\"version\":\"3.11.0\",\"resolution\":\"F:\\\\REACTJS Projects\\\\amazon-clone\\\\functions\\\\node_modules\\\\firebase-functions\\\\lib\\\\index.js\"}"}}
[debug] [2020-09-28T04:09:41.788Z] [runtime-status] [11480] Resolved module firebase-admin {"declared":true,"installed":true,"version":"8.13.0","resolution":"F:\\REACTJS Projects\\amazon-clone\\functions\\node_modules\\firebase-admin\\lib\\index.js"} {"metadata":{"emulator":{"name":"functions"},"message":"[runtime-status] [11480] Resolved module firebase-admin {\"declared\":true,\"installed\":true,\"version\":\"8.13.0\",\"resolution\":\"F:\\\\REACTJS Projects\\\\amazon-clone\\\\functions\\\\node_modules\\\\firebase-admin\\\\lib\\\\index.js\"}"}}
[debug] [2020-09-28T04:09:41.790Z] [runtime-status] [11480] Resolved module firebase-functions {"declared":true,"installed":true,"version":"3.11.0","resolution":"F:\\REACTJS Projects\\amazon-clone\\functions\\node_modules\\firebase-functions\\lib\\index.js"} {"metadata":{"emulator":{"name":"functions"},"message":"[runtime-status] [11480] Resolved module firebase-functions {\"declared\":true,\"installed\":true,\"version\":\"3.11.0\",\"resolution\":\"F:\\\\REACTJS Projects\\\\amazon-clone\\\\functions\\\\node_modules\\\\firebase-functions\\\\lib\\\\index.js\"}"}}
[debug] [2020-09-28T04:09:41.791Z] [runtime-status] [11480] firebase-admin has been stubbed. {"adminResolution":{"declared":true,"installed":true,"version":"8.13.0","resolution":"F:\\REACTJS Projects\\amazon-clone\\functions\\node_modules\\firebase-admin\\lib\\index.js"}} {"metadata":{"emulator":{"name":"functions"},"message":"[runtime-status] [11480] firebase-admin has been stubbed. {\"adminResolution\":{\"declared\":true,\"installed\":true,\"version\":\"8.13.0\",\"resolution\":\"F:\\\\REACTJS Projects\\\\amazon-clone\\\\functions\\\\node_modules\\\\firebase-admin\\\\lib\\\\index.js\"}}"}}
[info] +  functions[api]: http function initialized (http://localhost:5001/clone-1adb1/us-central1/api). {"metadata":{"emulator":{"name":"functions"},"message":"\u001b[1mhttp\u001b[22m function initialized (http://localhost:5001/clone-1adb1/us-central1/api)."}}
[info] 
┌───────────────────────────────────────────────────────────────────────┐
│ ✔  All emulators ready! View status and logs at http://localhost:4000 │
└───────────────────────────────────────────────────────────────────────┘

┌───────────┬────────────────┬─────────────────────────────────┐
│ Emulator  │ Host:Port      │ View in Emulator UI             │
├───────────┼────────────────┼─────────────────────────────────┤
│ Functions │ localhost:5001 │ http://localhost:4000/functions │
└───────────┴────────────────┴─────────────────────────────────┘
  Other reserved ports: 4400, 4500

Issues? Report them at https://github.com/firebase/firebase-tools/issues and attach the *-debug.log files.
 
[debug] [2020-09-28T04:09:45.227Z] [worker-~diagnostic~-5927fb5b-74a8-44ca-b521-607f22d2f00b]: IDLE {"metadata":{"emulator":{"name":"functions"},"message":"[worker-~diagnostic~-5927fb5b-74a8-44ca-b521-607f22d2f00b]: IDLE"}}
[debug] [2020-09-28T04:22:46.072Z] [work-queue] {"queueLength":1,"workRunningCount":0}
[debug] [2020-09-28T04:22:46.073Z] [work-queue] {"queueLength":0,"workRunningCount":1}
[debug] [2020-09-28T04:22:46.074Z] Accepted request POST /clone-1adb1/us-central1/api/payments/create?total=109499 --> api
[debug] [2020-09-28T04:22:46.088Z] [worker-pool] addWorker(api) {"metadata":{"emulator":{"name":"functions"},"message":"[worker-pool] addWorker(api)"}}
[debug] [2020-09-28T04:22:46.089Z] [worker-pool] Adding worker with key api, total=1 {"metadata":{"emulator":{"name":"functions"},"message":"[worker-pool] Adding worker with key api, total=1"}}
[debug] [2020-09-28T04:22:46.089Z] [worker-pool] submitWork(triggerId=api) {"metadata":{"emulator":{"name":"functions"},"message":"[worker-pool] submitWork(triggerId=api)"}}
[debug] [2020-09-28T04:22:46.090Z] [worker-api-2c0846ea-2b89-4898-8393-fed02b18acf1]: Assigning socketPath: \\?\pipe\F:\REACTJS Projects\amazon-clone\functions\14104 {"metadata":{"emulator":{"name":"functions"},"message":"[worker-api-2c0846ea-2b89-4898-8393-fed02b18acf1]: Assigning socketPath: \\\\?\\pipe\\F:\\REACTJS Projects\\amazon-clone\\functions\\14104"}}
[debug] [2020-09-28T04:22:46.090Z] [worker-api-2c0846ea-2b89-4898-8393-fed02b18acf1]: BUSY {"metadata":{"emulator":{"name":"functions"},"message":"[worker-api-2c0846ea-2b89-4898-8393-fed02b18acf1]: BUSY"}}
[debug] [2020-09-28T04:22:46.918Z] [runtime-status] [14104] Functions runtime initialized. {"cwd":"F:\\REACTJS Projects\\amazon-clone\\functions","node_version":"12.16.2"} {"metadata":{"emulator":{"name":"functions"},"function":{"name":"api"},"message":"[runtime-status] [14104] Functions runtime initialized. {\"cwd\":\"F:\\\\REACTJS Projects\\\\amazon-clone\\\\functions\",\"node_version\":\"12.16.2\"}"}}
[debug] [2020-09-28T04:22:46.923Z] [runtime-status] [14104] Disabled runtime features: undefined {"metadata":{"emulator":{"name":"functions"},"function":{"name":"api"},"message":"[runtime-status] [14104] Disabled runtime features: undefined"}}
[debug] [2020-09-28T04:22:46.938Z] [runtime-status] [14104] Resolved module firebase-admin {"declared":true,"installed":true,"version":"8.13.0","resolution":"F:\\REACTJS Projects\\amazon-clone\\functions\\node_modules\\firebase-admin\\lib\\index.js"} {"metadata":{"emulator":{"name":"functions"},"function":{"name":"api"},"message":"[runtime-status] [14104] Resolved module firebase-admin {\"declared\":true,\"installed\":true,\"version\":\"8.13.0\",\"resolution\":\"F:\\\\REACTJS Projects\\\\amazon-clone\\\\functions\\\\node_modules\\\\firebase-admin\\\\lib\\\\index.js\"}"}}
[debug] [2020-09-28T04:22:46.941Z] [runtime-status] [14104] Resolved module firebase-functions {"declared":true,"installed":true,"version":"3.11.0","resolution":"F:\\REACTJS Projects\\amazon-clone\\functions\\node_modules\\firebase-functions\\lib\\index.js"} {"metadata":{"emulator":{"name":"functions"},"function":{"name":"api"},"message":"[runtime-status] [14104] Resolved module firebase-functions {\"declared\":true,\"installed\":true,\"version\":\"3.11.0\",\"resolution\":\"F:\\\\REACTJS Projects\\\\amazon-clone\\\\functions\\\\node_modules\\\\firebase-functions\\\\lib\\\\index.js\"}"}}
[debug] [2020-09-28T04:22:46.944Z] [runtime-status] [14104] Resolved module firebase-functions {"declared":true,"installed":true,"version":"3.11.0","resolution":"F:\\REACTJS Projects\\amazon-clone\\functions\\node_modules\\firebase-functions\\lib\\index.js"} {"metadata":{"emulator":{"name":"functions"},"function":{"name":"api"},"message":"[runtime-status] [14104] Resolved module firebase-functions {\"declared\":true,\"installed\":true,\"version\":\"3.11.0\",\"resolution\":\"F:\\\\REACTJS Projects\\\\amazon-clone\\\\functions\\\\node_modules\\\\firebase-functions\\\\lib\\\\index.js\"}"}}
[debug] [2020-09-28T04:22:46.948Z] [runtime-status] [14104] Outgoing network have been stubbed. [{"name":"http","status":"mocked"},{"name":"http","status":"mocked"},{"name":"https","status":"mocked"},{"name":"https","status":"mocked"},{"name":"net","status":"mocked"}] {"metadata":{"emulator":{"name":"functions"},"function":{"name":"api"},"message":"[runtime-status] [14104] Outgoing network have been stubbed. [{\"name\":\"http\",\"status\":\"mocked\"},{\"name\":\"http\",\"status\":\"mocked\"},{\"name\":\"https\",\"status\":\"mocked\"},{\"name\":\"https\",\"status\":\"mocked\"},{\"name\":\"net\",\"status\":\"mocked\"}]"}}
[debug] [2020-09-28T04:22:46.949Z] [runtime-status] [14104] Resolved module firebase-functions {"declared":true,"installed":true,"version":"3.11.0","resolution":"F:\\REACTJS Projects\\amazon-clone\\functions\\node_modules\\firebase-functions\\lib\\index.js"} {"metadata":{"emulator":{"name":"functions"},"function":{"name":"api"},"message":"[runtime-status] [14104] Resolved module firebase-functions {\"declared\":true,\"installed\":true,\"version\":\"3.11.0\",\"resolution\":\"F:\\\\REACTJS Projects\\\\amazon-clone\\\\functions\\\\node_modules\\\\firebase-functions\\\\lib\\\\index.js\"}"}}
[debug] [2020-09-28T04:22:47.035Z] [runtime-status] [14104] Checked functions.config() {"config":{}} {"metadata":{"emulator":{"name":"functions"},"function":{"name":"api"},"message":"[runtime-status] [14104] Checked functions.config() {\"config\":{}}"}}
[debug] [2020-09-28T04:22:47.036Z] [runtime-status] [14104] firebase-functions has been stubbed. {"functionsResolution":{"declared":true,"installed":true,"version":"3.11.0","resolution":"F:\\REACTJS Projects\\amazon-clone\\functions\\node_modules\\firebase-functions\\lib\\index.js"}} {"metadata":{"emulator":{"name":"functions"},"function":{"name":"api"},"message":"[runtime-status] [14104] firebase-functions has been stubbed. {\"functionsResolution\":{\"declared\":true,\"installed\":true,\"version\":\"3.11.0\",\"resolution\":\"F:\\\\REACTJS Projects\\\\amazon-clone\\\\functions\\\\node_modules\\\\firebase-functions\\\\lib\\\\index.js\"}}"}}
[debug] [2020-09-28T04:22:47.037Z] [runtime-status] [14104] Resolved module firebase-functions {"declared":true,"installed":true,"version":"3.11.0","resolution":"F:\\REACTJS Projects\\amazon-clone\\functions\\node_modules\\firebase-functions\\lib\\index.js"} {"metadata":{"emulator":{"name":"functions"},"function":{"name":"api"},"message":"[runtime-status] [14104] Resolved module firebase-functions {\"declared\":true,\"installed\":true,\"version\":\"3.11.0\",\"resolution\":\"F:\\\\REACTJS Projects\\\\amazon-clone\\\\functions\\\\node_modules\\\\firebase-functions\\\\lib\\\\index.js\"}"}}
[debug] [2020-09-28T04:22:47.039Z] [runtime-status] [14104] Resolved module firebase-admin {"declared":true,"installed":true,"version":"8.13.0","resolution":"F:\\REACTJS Projects\\amazon-clone\\functions\\node_modules\\firebase-admin\\lib\\index.js"} {"metadata":{"emulator":{"name":"functions"},"function":{"name":"api"},"message":"[runtime-status] [14104] Resolved module firebase-admin {\"declared\":true,\"installed\":true,\"version\":\"8.13.0\",\"resolution\":\"F:\\\\REACTJS Projects\\\\amazon-clone\\\\functions\\\\node_modules\\\\firebase-admin\\\\lib\\\\index.js\"}"}}
[debug] [2020-09-28T04:22:47.040Z] [runtime-status] [14104] Resolved module firebase-functions {"declared":true,"installed":true,"version":"3.11.0","resolution":"F:\\REACTJS Projects\\amazon-clone\\functions\\node_modules\\firebase-functions\\lib\\index.js"} {"metadata":{"emulator":{"name":"functions"},"function":{"name":"api"},"message":"[runtime-status] [14104] Resolved module firebase-functions {\"declared\":true,\"installed\":true,\"version\":\"3.11.0\",\"resolution\":\"F:\\\\REACTJS Projects\\\\amazon-clone\\\\functions\\\\node_modules\\\\firebase-functions\\\\lib\\\\index.js\"}"}}
[debug] [2020-09-28T04:22:47.040Z] [runtime-status] [14104] firebase-admin has been stubbed. {"adminResolution":{"declared":true,"installed":true,"version":"8.13.0","resolution":"F:\\REACTJS Projects\\amazon-clone\\functions\\node_modules\\firebase-admin\\lib\\index.js"}} {"metadata":{"emulator":{"name":"functions"},"function":{"name":"api"},"message":"[runtime-status] [14104] firebase-admin has been stubbed. {\"adminResolution\":{\"declared\":true,\"installed\":true,\"version\":\"8.13.0\",\"resolution\":\"F:\\\\REACTJS Projects\\\\amazon-clone\\\\functions\\\\node_modules\\\\firebase-admin\\\\lib\\\\index.js\"}}"}}
[debug] [2020-09-28T04:22:47.353Z] [runtime-status] [14104] Trigger "api" has been found, beginning invocation! {"metadata":{"emulator":{"name":"functions"},"function":{"name":"api"},"message":"[runtime-status] [14104] Trigger \"api\" has been found, beginning invocation!"}}
[info] i  functions: Beginning execution of "api" {"metadata":{"emulator":{"name":"functions"},"function":{"name":"api"},"message":"Beginning execution of \"api\""}}
[debug] [2020-09-28T04:22:47.355Z] [runtime-status] [14104] triggerDefinition {"httpsTrigger":{},"name":"api","entryPoint":"api"} {"metadata":{"emulator":{"name":"functions"},"function":{"name":"api"},"message":"[runtime-status] [14104] triggerDefinition {\"httpsTrigger\":{},\"name\":\"api\",\"entryPoint\":\"api\"}"}}
[debug] [2020-09-28T04:22:47.355Z] [runtime-status] [14104] Running api in mode HTTPS {"metadata":{"emulator":{"name":"functions"},"function":{"name":"api"},"message":"[runtime-status] [14104] Running api in mode HTTPS"}}
[debug] [2020-09-28T04:22:47.361Z] [runtime-status] [14104] Attempting to listen to socketPath: \\?\pipe\F:\REACTJS Projects\amazon-clone\functions\14104 {"metadata":{"emulator":{"name":"functions"},"function":{"name":"api"},"message":"[runtime-status] [14104] Attempting to listen to socketPath: \\\\?\\pipe\\F:\\REACTJS Projects\\amazon-clone\\functions\\14104"}}
[debug] [2020-09-28T04:22:47.367Z] [functions] Runtime ready! Sending request! {"metadata":{"emulator":{"name":"functions"},"message":"[functions] Runtime ready! Sending request!"}}
[debug] [2020-09-28T04:22:47.386Z] [runtime-status] [14104] Ephemeral server handling POST request {"metadata":{"emulator":{"name":"functions"},"function":{"name":"api"},"message":"[runtime-status] [14104] Ephemeral server handling POST request"}}
[info] >  payment request received 109499 {"user":"payment request received 109499","metadata":{"emulator":{"name":"functions"},"function":{"name":"api"},"message":"\u001b[90m> \u001b[39m payment request received 109499"}}
[debug] [2020-09-28T04:22:47.423Z] [runtime-status] [14104] Ephemeral server survived. {"metadata":{"emulator":{"name":"functions"},"function":{"name":"api"},"message":"[runtime-status] [14104] Ephemeral server survived."}}
[info] i  functions: Finished "api" in ~2s {"metadata":{"emulator":{"name":"functions"},"function":{"name":"api"},"message":"Finished \"api\" in ~2s"}}
[debug] [2020-09-28T04:22:49.423Z] [worker-api-2c0846ea-2b89-4898-8393-fed02b18acf1]: IDLE {"metadata":{"emulator":{"name":"functions"},"message":"[worker-api-2c0846ea-2b89-4898-8393-fed02b18acf1]: IDLE"}}
[debug] [2020-09-28T04:22:49.425Z] [work-queue] {"queueLength":0,"workRunningCount":0}
[debug] [2020-09-28T04:23:05.922Z] [work-queue] {"queueLength":1,"workRunningCount":0}
[debug] [2020-09-28T04:23:05.922Z] [work-queue] {"queueLength":0,"workRunningCount":1}
[debug] [2020-09-28T04:23:05.922Z] Accepted request POST /clone-1adb1/us-central1/api/payments/create?total=0 --> api
[debug] [2020-09-28T04:23:05.923Z] [worker-pool] submitWork(triggerId=api) {"metadata":{"emulator":{"name":"functions"},"message":"[worker-pool] submitWork(triggerId=api)"}}
[debug] [2020-09-28T04:23:05.923Z] [worker-api-2c0846ea-2b89-4898-8393-fed02b18acf1]: Assigning socketPath: \\?\pipe\F:\REACTJS Projects\amazon-clone\functions\14104 {"metadata":{"emulator":{"name":"functions"},"message":"[worker-api-2c0846ea-2b89-4898-8393-fed02b18acf1]: Assigning socketPath: \\\\?\\pipe\\F:\\REACTJS Projects\\amazon-clone\\functions\\14104"}}
[debug] [2020-09-28T04:23:05.924Z] [worker-api-2c0846ea-2b89-4898-8393-fed02b18acf1]: BUSY {"metadata":{"emulator":{"name":"functions"},"message":"[worker-api-2c0846ea-2b89-4898-8393-fed02b18acf1]: BUSY"}}
[debug] [2020-09-28T04:23:05.926Z] [runtime-status] [14104] Trigger "api" has been found, beginning invocation! {"metadata":{"emulator":{"name":"functions"},"function":{"name":"api"},"message":"[runtime-status] [14104] Trigger \"api\" has been found, beginning invocation!"}}
[info] i  functions: Beginning execution of "api" {"metadata":{"emulator":{"name":"functions"},"function":{"name":"api"},"message":"Beginning execution of \"api\""}}
[debug] [2020-09-28T04:23:05.928Z] [runtime-status] [14104] triggerDefinition {"httpsTrigger":{},"name":"api","entryPoint":"api"} {"metadata":{"emulator":{"name":"functions"},"function":{"name":"api"},"message":"[runtime-status] [14104] triggerDefinition {\"httpsTrigger\":{},\"name\":\"api\",\"entryPoint\":\"api\"}"}}
[debug] [2020-09-28T04:23:05.929Z] [runtime-status] [14104] Running api in mode HTTPS {"metadata":{"emulator":{"name":"functions"},"function":{"name":"api"},"message":"[runtime-status] [14104] Running api in mode HTTPS"}}
[debug] [2020-09-28T04:23:05.930Z] [runtime-status] [14104] Attempting to listen to socketPath: \\?\pipe\F:\REACTJS Projects\amazon-clone\functions\14104 {"metadata":{"emulator":{"name":"functions"},"function":{"name":"api"},"message":"[runtime-status] [14104] Attempting to listen to socketPath: \\\\?\\pipe\\F:\\REACTJS Projects\\amazon-clone\\functions\\14104"}}
[debug] [2020-09-28T04:23:05.932Z] [functions] Runtime ready! Sending request! {"metadata":{"emulator":{"name":"functions"},"message":"[functions] Runtime ready! Sending request!"}}
[debug] [2020-09-28T04:23:05.943Z] [runtime-status] [14104] Ephemeral server handling POST request {"metadata":{"emulator":{"name":"functions"},"function":{"name":"api"},"message":"[runtime-status] [14104] Ephemeral server handling POST request"}}
[info] >  payment request received 0 {"user":"payment request received 0","metadata":{"emulator":{"name":"functions"},"function":{"name":"api"},"message":"\u001b[90m> \u001b[39m payment request received 0"}}
[debug] [2020-09-28T04:23:05.958Z] [runtime-status] [14104] Ephemeral server survived. {"metadata":{"emulator":{"name":"functions"},"function":{"name":"api"},"message":"[runtime-status] [14104] Ephemeral server survived."}}
[info] >  (node:14104) UnhandledPromiseRejectionWarning: Error: This value must be greater than or equal to 1. {"user":"(node:14104) UnhandledPromiseRejectionWarning: Error: This value must be greater than or equal to 1.","metadata":{"emulator":{"name":"functions"},"function":{"name":"api"},"message":"\u001b[90m> \u001b[39m (node:14104) UnhandledPromiseRejectionWarning: Error: This value must be greater than or equal to 1."}}
[info] >      at Function.generate (F:\REACTJS Projects\amazon-clone\functions\node_modules\stripe\lib\Error.js:39:16) {"user":"    at Function.generate (F:\\REACTJS Projects\\amazon-clone\\functions\\node_modules\\stripe\\lib\\Error.js:39:16)","metadata":{"emulator":{"name":"functions"},"function":{"name":"api"},"message":"\u001b[90m> \u001b[39m     at Function.generate (F:\\REACTJS Projects\\amazon-clone\\functions\\node_modules\\stripe\\lib\\Error.js:39:16)"}}
[info] >      at IncomingMessage.<anonymous> (F:\REACTJS Projects\amazon-clone\functions\node_modules\stripe\lib\StripeResource.js:190:33) {"user":"    at IncomingMessage.<anonymous> (F:\\REACTJS Projects\\amazon-clone\\functions\\node_modules\\stripe\\lib\\StripeResource.js:190:33)","metadata":{"emulator":{"name":"functions"},"function":{"name":"api"},"message":"\u001b[90m> \u001b[39m     at IncomingMessage.<anonymous> (F:\\REACTJS Projects\\amazon-clone\\functions\\node_modules\\stripe\\lib\\StripeResource.js:190:33)"}}
[info] >      at Object.onceWrapper (events.js:416:28) {"user":"    at Object.onceWrapper (events.js:416:28)","metadata":{"emulator":{"name":"functions"},"function":{"name":"api"},"message":"\u001b[90m> \u001b[39m     at Object.onceWrapper (events.js:416:28)"}}
[info] >      at IncomingMessage.emit (events.js:322:22) {"user":"    at IncomingMessage.emit (events.js:322:22)","metadata":{"emulator":{"name":"functions"},"function":{"name":"api"},"message":"\u001b[90m> \u001b[39m     at IncomingMessage.emit (events.js:322:22)"}}
[info] >      at endReadableNT (_stream_readable.js:1187:12) {"user":"    at endReadableNT (_stream_readable.js:1187:12)","metadata":{"emulator":{"name":"functions"},"function":{"name":"api"},"message":"\u001b[90m> \u001b[39m     at endReadableNT (_stream_readable.js:1187:12)"}}
[info] >      at processTicksAndRejections (internal/process/task_queues.js:84:21) {"user":"    at processTicksAndRejections (internal/process/task_queues.js:84:21)","metadata":{"emulator":{"name":"functions"},"function":{"name":"api"},"message":"\u001b[90m> \u001b[39m     at processTicksAndRejections (internal/process/task_queues.js:84:21)"}}
[info] >  (node:14104) UnhandledPromiseRejectionWarning: Unhandled promise rejection. This error originated either by throwing inside of an async function without a catch block, or by rejecting a promise which was not handled with .catch(). To terminate the node process on unhandled promise rejection, use the CLI flag `--unhandled-rejections=strict` (see https://nodejs.org/api/cli.html#cli_unhandled_rejections_mode). (rejection id: 1) {"user":"(node:14104) UnhandledPromiseRejectionWarning: Unhandled promise rejection. This error originated either by throwing inside of an async function without a catch block, or by rejecting a promise which was not handled with .catch(). To terminate the node process on unhandled promise rejection, use the CLI flag `--unhandled-rejections=strict` (see https://nodejs.org/api/cli.html#cli_unhandled_rejections_mode). (rejection id: 1)","metadata":{"emulator":{"name":"functions"},"function":{"name":"api"},"message":"\u001b[90m> \u001b[39m (node:14104) UnhandledPromiseRejectionWarning: Unhandled promise rejection. This error originated either by throwing inside of an async function without a catch block, or by rejecting a promise which was not handled with .catch(). To terminate the node process on unhandled promise rejection, use the CLI flag `--unhandled-rejections=strict` (see https://nodejs.org/api/cli.html#cli_unhandled_rejections_mode). (rejection id: 1)"}}
[info] >  (node:14104) [DEP0018] DeprecationWarning: Unhandled promise rejections are deprecated. In the future, promise rejections that are not handled will terminate the Node.js process with a non-zero exit code. {"user":"(node:14104) [DEP0018] DeprecationWarning: Unhandled promise rejections are deprecated. In the future, promise rejections that are not handled will terminate the Node.js process with a non-zero exit code.","metadata":{"emulator":{"name":"functions"},"function":{"name":"api"},"message":"\u001b[90m> \u001b[39m (node:14104) [DEP0018] DeprecationWarning: Unhandled promise rejections are deprecated. In the future, promise rejections that are not handled will terminate the Node.js process with a non-zero exit code."}}
[warn] !  functions: Your function timed out after ~60s. To configure this timeout, see
      https://firebase.google.com/docs/functions/manage-functions#set_timeout_and_memory_allocation. {"metadata":{"emulator":{"name":"functions"},"function":{"name":"api"},"message":"Your function timed out after ~60s. To configure this timeout, see\n      https://firebase.google.com/docs/functions/manage-functions#set_timeout_and_memory_allocation."}}
[info] >  C:\Users\Heli\AppData\Roaming\npm\node_modules\firebase-tools\lib\emulator\functionsEmulatorRuntime.js:642 {"user":"C:\\Users\\Heli\\AppData\\Roaming\\npm\\node_modules\\firebase-tools\\lib\\emulator\\functionsEmulatorRuntime.js:642\r","metadata":{"emulator":{"name":"functions"},"function":{"name":"api"},"message":"\u001b[90m> \u001b[39m C:\\Users\\Heli\\AppData\\Roaming\\npm\\node_modules\\firebase-tools\\lib\\emulator\\functionsEmulatorRuntime.js:642\r"}}
[info] >                  throw new Error("Function timed out."); {"user":"                throw new Error(\"Function timed out.\");\r","metadata":{"emulator":{"name":"functions"},"function":{"name":"api"},"message":"\u001b[90m> \u001b[39m                 throw new Error(\"Function timed out.\");\r"}}
[info] >                  ^ {"user":"                ^\r","metadata":{"emulator":{"name":"functions"},"function":{"name":"api"},"message":"\u001b[90m> \u001b[39m                 ^\r"}}
[info] >   {"user":"\r","metadata":{"emulator":{"name":"functions"},"function":{"name":"api"},"message":"\u001b[90m> \u001b[39m \r"}}
[info] >  Error: Function timed out. {"user":"Error: Function timed out.\r","metadata":{"emulator":{"name":"functions"},"function":{"name":"api"},"message":"\u001b[90m> \u001b[39m Error: Function timed out.\r"}}
[info] >      at Timeout._onTimeout (C:\Users\Heli\AppData\Roaming\npm\node_modules\firebase-tools\lib\emulator\functionsEmulatorRuntime.js:642:23) {"user":"    at Timeout._onTimeout (C:\\Users\\Heli\\AppData\\Roaming\\npm\\node_modules\\firebase-tools\\lib\\emulator\\functionsEmulatorRuntime.js:642:23)\r","metadata":{"emulator":{"name":"functions"},"function":{"name":"api"},"message":"\u001b[90m> \u001b[39m     at Timeout._onTimeout (C:\\Users\\Heli\\AppData\\Roaming\\npm\\node_modules\\firebase-tools\\lib\\emulator\\functionsEmulatorRuntime.js:642:23)\r"}}
[info] >      at listOnTimeout (internal/timers.js:549:17) {"user":"    at listOnTimeout (internal/timers.js:549:17)\r","metadata":{"emulator":{"name":"functions"},"function":{"name":"api"},"message":"\u001b[90m> \u001b[39m     at listOnTimeout (internal/timers.js:549:17)\r"}}
[info] >      at processTimers (internal/timers.js:492:7) {"user":"    at processTimers (internal/timers.js:492:7)\r","metadata":{"emulator":{"name":"functions"},"function":{"name":"api"},"message":"\u001b[90m> \u001b[39m     at processTimers (internal/timers.js:492:7)\r"}}
[debug] [2020-09-28T04:24:05.989Z] [worker-api-2c0846ea-2b89-4898-8393-fed02b18acf1]: exited {"metadata":{"emulator":{"name":"functions"},"message":"[worker-api-2c0846ea-2b89-4898-8393-fed02b18acf1]: exited"}}
[debug] [2020-09-28T04:24:05.989Z] [worker-api-2c0846ea-2b89-4898-8393-fed02b18acf1]: FINISHED {"metadata":{"emulator":{"name":"functions"},"message":"[worker-api-2c0846ea-2b89-4898-8393-fed02b18acf1]: FINISHED"}}
[debug] [2020-09-28T04:24:05.989Z] [work-queue] {"queueLength":0,"workRunningCount":0}
[debug] [2020-09-28T04:29:04.584Z] [work-queue] {"queueLength":1,"workRunningCount":0}
[debug] [2020-09-28T04:29:04.585Z] [work-queue] {"queueLength":0,"workRunningCount":1}
[debug] [2020-09-28T04:29:04.585Z] Accepted request POST /clone-1adb1/us-central1/api/payments/create?total=9899 --> api
[debug] [2020-09-28T04:29:04.586Z] [worker-pool] Cleaned up workers for api: 1 --> 0 {"metadata":{"emulator":{"name":"functions"},"message":"[worker-pool] Cleaned up workers for api: 1 --> 0"}}
[debug] [2020-09-28T04:29:04.601Z] [worker-pool] addWorker(api) {"metadata":{"emulator":{"name":"functions"},"message":"[worker-pool] addWorker(api)"}}
[debug] [2020-09-28T04:29:04.602Z] [worker-pool] Adding worker with key api, total=1 {"metadata":{"emulator":{"name":"functions"},"message":"[worker-pool] Adding worker with key api, total=1"}}
[debug] [2020-09-28T04:29:04.602Z] [worker-pool] submitWork(triggerId=api) {"metadata":{"emulator":{"name":"functions"},"message":"[worker-pool] submitWork(triggerId=api)"}}
[debug] [2020-09-28T04:29:04.603Z] [worker-api-cde24b52-ff58-491a-a263-26abf80ee67e]: Assigning socketPath: \\?\pipe\F:\REACTJS Projects\amazon-clone\functions\19152 {"metadata":{"emulator":{"name":"functions"},"message":"[worker-api-cde24b52-ff58-491a-a263-26abf80ee67e]: Assigning socketPath: \\\\?\\pipe\\F:\\REACTJS Projects\\amazon-clone\\functions\\19152"}}
[debug] [2020-09-28T04:29:04.603Z] [worker-api-cde24b52-ff58-491a-a263-26abf80ee67e]: BUSY {"metadata":{"emulator":{"name":"functions"},"message":"[worker-api-cde24b52-ff58-491a-a263-26abf80ee67e]: BUSY"}}
[debug] [2020-09-28T04:29:05.467Z] [runtime-status] [19152] Functions runtime initialized. {"cwd":"F:\\REACTJS Projects\\amazon-clone\\functions","node_version":"12.16.2"} {"metadata":{"emulator":{"name":"functions"},"function":{"name":"api"},"message":"[runtime-status] [19152] Functions runtime initialized. {\"cwd\":\"F:\\\\REACTJS Projects\\\\amazon-clone\\\\functions\",\"node_version\":\"12.16.2\"}"}}
[debug] [2020-09-28T04:29:05.471Z] [runtime-status] [19152] Disabled runtime features: undefined {"metadata":{"emulator":{"name":"functions"},"function":{"name":"api"},"message":"[runtime-status] [19152] Disabled runtime features: undefined"}}
[debug] [2020-09-28T04:29:05.478Z] [runtime-status] [19152] Resolved module firebase-admin {"declared":true,"installed":true,"version":"8.13.0","resolution":"F:\\REACTJS Projects\\amazon-clone\\functions\\node_modules\\firebase-admin\\lib\\index.js"} {"metadata":{"emulator":{"name":"functions"},"function":{"name":"api"},"message":"[runtime-status] [19152] Resolved module firebase-admin {\"declared\":true,\"installed\":true,\"version\":\"8.13.0\",\"resolution\":\"F:\\\\REACTJS Projects\\\\amazon-clone\\\\functions\\\\node_modules\\\\firebase-admin\\\\lib\\\\index.js\"}"}}
[debug] [2020-09-28T04:29:05.484Z] [runtime-status] [19152] Resolved module firebase-functions {"declared":true,"installed":true,"version":"3.11.0","resolution":"F:\\REACTJS Projects\\amazon-clone\\functions\\node_modules\\firebase-functions\\lib\\index.js"} {"metadata":{"emulator":{"name":"functions"},"function":{"name":"api"},"message":"[runtime-status] [19152] Resolved module firebase-functions {\"declared\":true,\"installed\":true,\"version\":\"3.11.0\",\"resolution\":\"F:\\\\REACTJS Projects\\\\amazon-clone\\\\functions\\\\node_modules\\\\firebase-functions\\\\lib\\\\index.js\"}"}}
[debug] [2020-09-28T04:29:05.487Z] [runtime-status] [19152] Resolved module firebase-functions {"declared":true,"installed":true,"version":"3.11.0","resolution":"F:\\REACTJS Projects\\amazon-clone\\functions\\node_modules\\firebase-functions\\lib\\index.js"} {"metadata":{"emulator":{"name":"functions"},"function":{"name":"api"},"message":"[runtime-status] [19152] Resolved module firebase-functions {\"declared\":true,\"installed\":true,\"version\":\"3.11.0\",\"resolution\":\"F:\\\\REACTJS Projects\\\\amazon-clone\\\\functions\\\\node_modules\\\\firebase-functions\\\\lib\\\\index.js\"}"}}
[debug] [2020-09-28T04:29:05.491Z] [runtime-status] [19152] Outgoing network have been stubbed. [{"name":"http","status":"mocked"},{"name":"http","status":"mocked"},{"name":"https","status":"mocked"},{"name":"https","status":"mocked"},{"name":"net","status":"mocked"}] {"metadata":{"emulator":{"name":"functions"},"function":{"name":"api"},"message":"[runtime-status] [19152] Outgoing network have been stubbed. [{\"name\":\"http\",\"status\":\"mocked\"},{\"name\":\"http\",\"status\":\"mocked\"},{\"name\":\"https\",\"status\":\"mocked\"},{\"name\":\"https\",\"status\":\"mocked\"},{\"name\":\"net\",\"status\":\"mocked\"}]"}}
[debug] [2020-09-28T04:29:05.492Z] [runtime-status] [19152] Resolved module firebase-functions {"declared":true,"installed":true,"version":"3.11.0","resolution":"F:\\REACTJS Projects\\amazon-clone\\functions\\node_modules\\firebase-functions\\lib\\index.js"} {"metadata":{"emulator":{"name":"functions"},"function":{"name":"api"},"message":"[runtime-status] [19152] Resolved module firebase-functions {\"declared\":true,\"installed\":true,\"version\":\"3.11.0\",\"resolution\":\"F:\\\\REACTJS Projects\\\\amazon-clone\\\\functions\\\\node_modules\\\\firebase-functions\\\\lib\\\\index.js\"}"}}
[debug] [2020-09-28T04:29:05.578Z] [runtime-status] [19152] Checked functions.config() {"config":{}} {"metadata":{"emulator":{"name":"functions"},"function":{"name":"api"},"message":"[runtime-status] [19152] Checked functions.config() {\"config\":{}}"}}
[debug] [2020-09-28T04:29:05.580Z] [runtime-status] [19152] firebase-functions has been stubbed. {"functionsResolution":{"declared":true,"installed":true,"version":"3.11.0","resolution":"F:\\REACTJS Projects\\amazon-clone\\functions\\node_modules\\firebase-functions\\lib\\index.js"}} {"metadata":{"emulator":{"name":"functions"},"function":{"name":"api"},"message":"[runtime-status] [19152] firebase-functions has been stubbed. {\"functionsResolution\":{\"declared\":true,\"installed\":true,\"version\":\"3.11.0\",\"resolution\":\"F:\\\\REACTJS Projects\\\\amazon-clone\\\\functions\\\\node_modules\\\\firebase-functions\\\\lib\\\\index.js\"}}"}}
[debug] [2020-09-28T04:29:05.580Z] [runtime-status] [19152] Resolved module firebase-functions {"declared":true,"installed":true,"version":"3.11.0","resolution":"F:\\REACTJS Projects\\amazon-clone\\functions\\node_modules\\firebase-functions\\lib\\index.js"} {"metadata":{"emulator":{"name":"functions"},"function":{"name":"api"},"message":"[runtime-status] [19152] Resolved module firebase-functions {\"declared\":true,\"installed\":true,\"version\":\"3.11.0\",\"resolution\":\"F:\\\\REACTJS Projects\\\\amazon-clone\\\\functions\\\\node_modules\\\\firebase-functions\\\\lib\\\\index.js\"}"}}
[debug] [2020-09-28T04:29:05.582Z] [runtime-status] [19152] Resolved module firebase-admin {"declared":true,"installed":true,"version":"8.13.0","resolution":"F:\\REACTJS Projects\\amazon-clone\\functions\\node_modules\\firebase-admin\\lib\\index.js"} {"metadata":{"emulator":{"name":"functions"},"function":{"name":"api"},"message":"[runtime-status] [19152] Resolved module firebase-admin {\"declared\":true,\"installed\":true,\"version\":\"8.13.0\",\"resolution\":\"F:\\\\REACTJS Projects\\\\amazon-clone\\\\functions\\\\node_modules\\\\firebase-admin\\\\lib\\\\index.js\"}"}}
[debug] [2020-09-28T04:29:05.583Z] [runtime-status] [19152] Resolved module firebase-functions {"declared":true,"installed":true,"version":"3.11.0","resolution":"F:\\REACTJS Projects\\amazon-clone\\functions\\node_modules\\firebase-functions\\lib\\index.js"} {"metadata":{"emulator":{"name":"functions"},"function":{"name":"api"},"message":"[runtime-status] [19152] Resolved module firebase-functions {\"declared\":true,\"installed\":true,\"version\":\"3.11.0\",\"resolution\":\"F:\\\\REACTJS Projects\\\\amazon-clone\\\\functions\\\\node_modules\\\\firebase-functions\\\\lib\\\\index.js\"}"}}
[debug] [2020-09-28T04:29:05.583Z] [runtime-status] [19152] firebase-admin has been stubbed. {"adminResolution":{"declared":true,"installed":true,"version":"8.13.0","resolution":"F:\\REACTJS Projects\\amazon-clone\\functions\\node_modules\\firebase-admin\\lib\\index.js"}} {"metadata":{"emulator":{"name":"functions"},"function":{"name":"api"},"message":"[runtime-status] [19152] firebase-admin has been stubbed. {\"adminResolution\":{\"declared\":true,\"installed\":true,\"version\":\"8.13.0\",\"resolution\":\"F:\\\\REACTJS Projects\\\\amazon-clone\\\\functions\\\\node_modules\\\\firebase-admin\\\\lib\\\\index.js\"}}"}}
[debug] [2020-09-28T04:29:05.880Z] [runtime-status] [19152] Trigger "api" has been found, beginning invocation! {"metadata":{"emulator":{"name":"functions"},"function":{"name":"api"},"message":"[runtime-status] [19152] Trigger \"api\" has been found, beginning invocation!"}}
[info] i  functions: Beginning execution of "api" {"metadata":{"emulator":{"name":"functions"},"function":{"name":"api"},"message":"Beginning execution of \"api\""}}
[debug] [2020-09-28T04:29:05.882Z] [runtime-status] [19152] triggerDefinition {"httpsTrigger":{},"name":"api","entryPoint":"api"} {"metadata":{"emulator":{"name":"functions"},"function":{"name":"api"},"message":"[runtime-status] [19152] triggerDefinition {\"httpsTrigger\":{},\"name\":\"api\",\"entryPoint\":\"api\"}"}}
[debug] [2020-09-28T04:29:05.883Z] [runtime-status] [19152] Running api in mode HTTPS {"metadata":{"emulator":{"name":"functions"},"function":{"name":"api"},"message":"[runtime-status] [19152] Running api in mode HTTPS"}}
[debug] [2020-09-28T04:29:05.889Z] [runtime-status] [19152] Attempting to listen to socketPath: \\?\pipe\F:\REACTJS Projects\amazon-clone\functions\19152 {"metadata":{"emulator":{"name":"functions"},"function":{"name":"api"},"message":"[runtime-status] [19152] Attempting to listen to socketPath: \\\\?\\pipe\\F:\\REACTJS Projects\\amazon-clone\\functions\\19152"}}
[debug] [2020-09-28T04:29:05.894Z] [functions] Runtime ready! Sending request! {"metadata":{"emulator":{"name":"functions"},"message":"[functions] Runtime ready! Sending request!"}}
[debug] [2020-09-28T04:29:05.913Z] [runtime-status] [19152] Ephemeral server handling POST request {"metadata":{"emulator":{"name":"functions"},"function":{"name":"api"},"message":"[runtime-status] [19152] Ephemeral server handling POST request"}}
[info] >  payment request received 9899 {"user":"payment request received 9899","metadata":{"emulator":{"name":"functions"},"function":{"name":"api"},"message":"\u001b[90m> \u001b[39m payment request received 9899"}}
[debug] [2020-09-28T04:29:05.939Z] [runtime-status] [19152] Ephemeral server survived. {"metadata":{"emulator":{"name":"functions"},"function":{"name":"api"},"message":"[runtime-status] [19152] Ephemeral server survived."}}
[info] i  functions: Finished "api" in ~1s {"metadata":{"emulator":{"name":"functions"},"function":{"name":"api"},"message":"Finished \"api\" in ~1s"}}
[debug] [2020-09-28T04:29:07.711Z] [worker-api-cde24b52-ff58-491a-a263-26abf80ee67e]: IDLE {"metadata":{"emulator":{"name":"functions"},"message":"[worker-api-cde24b52-ff58-491a-a263-26abf80ee67e]: IDLE"}}
[debug] [2020-09-28T04:29:07.712Z] [work-queue] {"queueLength":0,"workRunningCount":0}
[debug] [2020-09-28T04:29:15.713Z] [work-queue] {"queueLength":1,"workRunningCount":0}
[debug] [2020-09-28T04:29:15.714Z] [work-queue] {"queueLength":0,"workRunningCount":1}
[debug] [2020-09-28T04:29:15.714Z] Accepted request POST /clone-1adb1/us-central1/api/payments/create?total=0 --> api
[debug] [2020-09-28T04:29:15.715Z] [worker-pool] submitWork(triggerId=api) {"metadata":{"emulator":{"name":"functions"},"message":"[worker-pool] submitWork(triggerId=api)"}}
[debug] [2020-09-28T04:29:15.715Z] [worker-api-cde24b52-ff58-491a-a263-26abf80ee67e]: Assigning socketPath: \\?\pipe\F:\REACTJS Projects\amazon-clone\functions\19152 {"metadata":{"emulator":{"name":"functions"},"message":"[worker-api-cde24b52-ff58-491a-a263-26abf80ee67e]: Assigning socketPath: \\\\?\\pipe\\F:\\REACTJS Projects\\amazon-clone\\functions\\19152"}}
[debug] [2020-09-28T04:29:15.715Z] [worker-api-cde24b52-ff58-491a-a263-26abf80ee67e]: BUSY {"metadata":{"emulator":{"name":"functions"},"message":"[worker-api-cde24b52-ff58-491a-a263-26abf80ee67e]: BUSY"}}
[debug] [2020-09-28T04:29:15.717Z] [runtime-status] [19152] Trigger "api" has been found, beginning invocation! {"metadata":{"emulator":{"name":"functions"},"function":{"name":"api"},"message":"[runtime-status] [19152] Trigger \"api\" has been found, beginning invocation!"}}
[info] i  functions: Beginning execution of "api" {"metadata":{"emulator":{"name":"functions"},"function":{"name":"api"},"message":"Beginning execution of \"api\""}}
[debug] [2020-09-28T04:29:15.719Z] [runtime-status] [19152] triggerDefinition {"httpsTrigger":{},"name":"api","entryPoint":"api"} {"metadata":{"emulator":{"name":"functions"},"function":{"name":"api"},"message":"[runtime-status] [19152] triggerDefinition {\"httpsTrigger\":{},\"name\":\"api\",\"entryPoint\":\"api\"}"}}
[debug] [2020-09-28T04:29:15.720Z] [runtime-status] [19152] Running api in mode HTTPS {"metadata":{"emulator":{"name":"functions"},"function":{"name":"api"},"message":"[runtime-status] [19152] Running api in mode HTTPS"}}
[debug] [2020-09-28T04:29:15.721Z] [runtime-status] [19152] Attempting to listen to socketPath: \\?\pipe\F:\REACTJS Projects\amazon-clone\functions\19152 {"metadata":{"emulator":{"name":"functions"},"function":{"name":"api"},"message":"[runtime-status] [19152] Attempting to listen to socketPath: \\\\?\\pipe\\F:\\REACTJS Projects\\amazon-clone\\functions\\19152"}}
[debug] [2020-09-28T04:29:15.726Z] [functions] Runtime ready! Sending request! {"metadata":{"emulator":{"name":"functions"},"message":"[functions] Runtime ready! Sending request!"}}
[debug] [2020-09-28T04:29:15.732Z] [runtime-status] [19152] Ephemeral server handling POST request {"metadata":{"emulator":{"name":"functions"},"function":{"name":"api"},"message":"[runtime-status] [19152] Ephemeral server handling POST request"}}
[info] >  payment request received 0 {"user":"payment request received 0","metadata":{"emulator":{"name":"functions"},"function":{"name":"api"},"message":"\u001b[90m> \u001b[39m payment request received 0"}}
[debug] [2020-09-28T04:29:15.741Z] [runtime-status] [19152] Ephemeral server survived. {"metadata":{"emulator":{"name":"functions"},"function":{"name":"api"},"message":"[runtime-status] [19152] Ephemeral server survived."}}
[info] >  (node:19152) UnhandledPromiseRejectionWarning: Error: This value must be greater than or equal to 1. {"user":"(node:19152) UnhandledPromiseRejectionWarning: Error: This value must be greater than or equal to 1.","metadata":{"emulator":{"name":"functions"},"function":{"name":"api"},"message":"\u001b[90m> \u001b[39m (node:19152) UnhandledPromiseRejectionWarning: Error: This value must be greater than or equal to 1."}}
[info] >      at Function.generate (F:\REACTJS Projects\amazon-clone\functions\node_modules\stripe\lib\Error.js:39:16) {"user":"    at Function.generate (F:\\REACTJS Projects\\amazon-clone\\functions\\node_modules\\stripe\\lib\\Error.js:39:16)","metadata":{"emulator":{"name":"functions"},"function":{"name":"api"},"message":"\u001b[90m> \u001b[39m     at Function.generate (F:\\REACTJS Projects\\amazon-clone\\functions\\node_modules\\stripe\\lib\\Error.js:39:16)"}}
[info] >      at IncomingMessage.<anonymous> (F:\REACTJS Projects\amazon-clone\functions\node_modules\stripe\lib\StripeResource.js:190:33) {"user":"    at IncomingMessage.<anonymous> (F:\\REACTJS Projects\\amazon-clone\\functions\\node_modules\\stripe\\lib\\StripeResource.js:190:33)","metadata":{"emulator":{"name":"functions"},"function":{"name":"api"},"message":"\u001b[90m> \u001b[39m     at IncomingMessage.<anonymous> (F:\\REACTJS Projects\\amazon-clone\\functions\\node_modules\\stripe\\lib\\StripeResource.js:190:33)"}}
[info] >      at Object.onceWrapper (events.js:416:28) {"user":"    at Object.onceWrapper (events.js:416:28)","metadata":{"emulator":{"name":"functions"},"function":{"name":"api"},"message":"\u001b[90m> \u001b[39m     at Object.onceWrapper (events.js:416:28)"}}
[info] >      at IncomingMessage.emit (events.js:322:22) {"user":"    at IncomingMessage.emit (events.js:322:22)","metadata":{"emulator":{"name":"functions"},"function":{"name":"api"},"message":"\u001b[90m> \u001b[39m     at IncomingMessage.emit (events.js:322:22)"}}
[info] >      at endReadableNT (_stream_readable.js:1187:12) {"user":"    at endReadableNT (_stream_readable.js:1187:12)","metadata":{"emulator":{"name":"functions"},"function":{"name":"api"},"message":"\u001b[90m> \u001b[39m     at endReadableNT (_stream_readable.js:1187:12)"}}
[info] >      at processTicksAndRejections (internal/process/task_queues.js:84:21) {"user":"    at processTicksAndRejections (internal/process/task_queues.js:84:21)","metadata":{"emulator":{"name":"functions"},"function":{"name":"api"},"message":"\u001b[90m> \u001b[39m     at processTicksAndRejections (internal/process/task_queues.js:84:21)"}}
[info] >  (node:19152) UnhandledPromiseRejectionWarning: Unhandled promise rejection. This error originated either by throwing inside of an async function without a catch block, or by rejecting a promise which was not handled with .catch(). To terminate the node process on unhandled promise rejection, use the CLI flag `--unhandled-rejections=strict` (see https://nodejs.org/api/cli.html#cli_unhandled_rejections_mode). (rejection id: 1) {"user":"(node:19152) UnhandledPromiseRejectionWarning: Unhandled promise rejection. This error originated either by throwing inside of an async function without a catch block, or by rejecting a promise which was not handled with .catch(). To terminate the node process on unhandled promise rejection, use the CLI flag `--unhandled-rejections=strict` (see https://nodejs.org/api/cli.html#cli_unhandled_rejections_mode). (rejection id: 1)","metadata":{"emulator":{"name":"functions"},"function":{"name":"api"},"message":"\u001b[90m> \u001b[39m (node:19152) UnhandledPromiseRejectionWarning: Unhandled promise rejection. This error originated either by throwing inside of an async function without a catch block, or by rejecting a promise which was not handled with .catch(). To terminate the node process on unhandled promise rejection, use the CLI flag `--unhandled-rejections=strict` (see https://nodejs.org/api/cli.html#cli_unhandled_rejections_mode). (rejection id: 1)"}}
[info] >  (node:19152) [DEP0018] DeprecationWarning: Unhandled promise rejections are deprecated. In the future, promise rejections that are not handled will terminate the Node.js process with a non-zero exit code. {"user":"(node:19152) [DEP0018] DeprecationWarning: Unhandled promise rejections are deprecated. In the future, promise rejections that are not handled will terminate the Node.js process with a non-zero exit code.","metadata":{"emulator":{"name":"functions"},"function":{"name":"api"},"message":"\u001b[90m> \u001b[39m (node:19152) [DEP0018] DeprecationWarning: Unhandled promise rejections are deprecated. In the future, promise rejections that are not handled will terminate the Node.js process with a non-zero exit code."}}
[warn] !  functions: Your function timed out after ~60s. To configure this timeout, see
      https://firebase.google.com/docs/functions/manage-functions#set_timeout_and_memory_allocation. {"metadata":{"emulator":{"name":"functions"},"function":{"name":"api"},"message":"Your function timed out after ~60s. To configure this timeout, see\n      https://firebase.google.com/docs/functions/manage-functions#set_timeout_and_memory_allocation."}}
[info] >  C:\Users\Heli\AppData\Roaming\npm\node_modules\firebase-tools\lib\emulator\functionsEmulatorRuntime.js:642 {"user":"C:\\Users\\Heli\\AppData\\Roaming\\npm\\node_modules\\firebase-tools\\lib\\emulator\\functionsEmulatorRuntime.js:642\r","metadata":{"emulator":{"name":"functions"},"function":{"name":"api"},"message":"\u001b[90m> \u001b[39m C:\\Users\\Heli\\AppData\\Roaming\\npm\\node_modules\\firebase-tools\\lib\\emulator\\functionsEmulatorRuntime.js:642\r"}}
[info] >                  throw new Error("Function timed out."); {"user":"                throw new Error(\"Function timed out.\");\r","metadata":{"emulator":{"name":"functions"},"function":{"name":"api"},"message":"\u001b[90m> \u001b[39m                 throw new Error(\"Function timed out.\");\r"}}
[info] >                  ^ {"user":"                ^\r","metadata":{"emulator":{"name":"functions"},"function":{"name":"api"},"message":"\u001b[90m> \u001b[39m                 ^\r"}}
[info] >   {"user":"\r","metadata":{"emulator":{"name":"functions"},"function":{"name":"api"},"message":"\u001b[90m> \u001b[39m \r"}}
[info] >  Error: Function timed out. {"user":"Error: Function timed out.\r","metadata":{"emulator":{"name":"functions"},"function":{"name":"api"},"message":"\u001b[90m> \u001b[39m Error: Function timed out.\r"}}
[info] >      at Timeout._onTimeout (C:\Users\Heli\AppData\Roaming\npm\node_modules\firebase-tools\lib\emulator\functionsEmulatorRuntime.js:642:23) {"user":"    at Timeout._onTimeout (C:\\Users\\Heli\\AppData\\Roaming\\npm\\node_modules\\firebase-tools\\lib\\emulator\\functionsEmulatorRuntime.js:642:23)\r","metadata":{"emulator":{"name":"functions"},"function":{"name":"api"},"message":"\u001b[90m> \u001b[39m     at Timeout._onTimeout (C:\\Users\\Heli\\AppData\\Roaming\\npm\\node_modules\\firebase-tools\\lib\\emulator\\functionsEmulatorRuntime.js:642:23)\r"}}
[info] >      at listOnTimeout (internal/timers.js:549:17) {"user":"    at listOnTimeout (internal/timers.js:549:17)\r","metadata":{"emulator":{"name":"functions"},"function":{"name":"api"},"message":"\u001b[90m> \u001b[39m     at listOnTimeout (internal/timers.js:549:17)\r"}}
[info] >      at processTimers (internal/timers.js:492:7) {"user":"    at processTimers (internal/timers.js:492:7)\r","metadata":{"emulator":{"name":"functions"},"function":{"name":"api"},"message":"\u001b[90m> \u001b[39m     at processTimers (internal/timers.js:492:7)\r"}}
[debug] [2020-09-28T04:30:15.777Z] [worker-api-cde24b52-ff58-491a-a263-26abf80ee67e]: exited {"metadata":{"emulator":{"name":"functions"},"message":"[worker-api-cde24b52-ff58-491a-a263-26abf80ee67e]: exited"}}
[debug] [2020-09-28T04:30:15.777Z] [worker-api-cde24b52-ff58-491a-a263-26abf80ee67e]: FINISHED {"metadata":{"emulator":{"name":"functions"},"message":"[worker-api-cde24b52-ff58-491a-a263-26abf80ee67e]: FINISHED"}}
[debug] [2020-09-28T04:30:15.777Z] [work-queue] {"queueLength":0,"workRunningCount":0}
[debug] [2020-09-28T05:56:59.089Z] [worker-~diagnostic~-5927fb5b-74a8-44ca-b521-607f22d2f00b]: exited {"metadata":{"emulator":{"name":"functions"},"message":"[worker-~diagnostic~-5927fb5b-74a8-44ca-b521-607f22d2f00b]: exited"}}
